1693971340198	geckodriver	INFO	Listening on 127.0.0.1:59283
1693971440146	geckodriver	INFO	Listening on 127.0.0.1:59301
1693971488406	geckodriver	INFO	Listening on 127.0.0.1:59316
Invalid port. Exiting...
Invalid port. Exiting...
1693971828919	geckodriver	INFO	Listening on 127.0.0.1:59409
1693971954439	geckodriver	INFO	Listening on 127.0.0.1:59504
1693971955467	mozrunner::runner	INFO	Running command: MOZ_CRASHREPORTER="1" MOZ_CRASHREPORTER_NO_REPORT="1" MOZ_CRASHREPORTER_SHUTDOWN="1" MOZ_NO_REMOTE="1" "/App ... "--marionette" "-foreground" "-no-remote" "-profile" "/var/folders/3n/yqn87g896kg2zzfpydnwl9q00000gn/T/rust_mozprofilee7oljT"
console.warn: services.settings: Ignoring preference override of remote settings server
console.warn: services.settings: Allow by setting MOZ_REMOTE_SETTINGS_DEVTOOLS=1 in the environment
1693971968148	Marionette	INFO	Marionette enabled
1693971968459	Marionette	INFO	Listening on port 59512
Read port: 59512
1693971968727	RemoteAgent	WARN	TLS certificate errors will be ignored for this session
JavaScript warning: https://duckduckgo.com/_next/static/chunks/main-4d54c082b3ff97f9.js, line 1: Script terminated by timeout at:
o@https://duckduckgo.com/_next/static/chunks/main-4d54c082b3ff97f9.js:1:111638
78018/H/<@https://duckduckgo.com/_next/static/chunks/main-4d54c082b3ff97f9.js:1:112117
r@https://duckduckgo.com/_next/static/chunks/main-4d54c082b3ff97f9.js:1:107851

1693971986033	geckodriver	INFO	Listening on 127.0.0.1:59551
1693971987062	mozrunner::runner	INFO	Running command: MOZ_CRASHREPORTER="1" MOZ_CRASHREPORTER_NO_REPORT="1" MOZ_CRASHREPORTER_SHUTDOWN="1" MOZ_NO_REMOTE="1" "/App ... "--marionette" "-foreground" "-no-remote" "-profile" "/var/folders/3n/yqn87g896kg2zzfpydnwl9q00000gn/T/rust_mozprofileqE16NV"
console.warn: services.settings: Ignoring preference override of remote settings server
console.warn: services.settings: Allow by setting MOZ_REMOTE_SETTINGS_DEVTOOLS=1 in the environment
1693971987499	Marionette	INFO	Marionette enabled
1693971987753	Marionette	INFO	Listening on port 59559
Read port: 59559
1693971987939	RemoteAgent	WARN	TLS certificate errors will be ignored for this session
1693972034485	Marionette	INFO	Stopped listening on port 59559
JavaScript error: chrome://remote/content/marionette/cert.sys.mjs, line 51: NS_ERROR_NOT_AVAILABLE: Component returned failure code: 0x80040111 (NS_ERROR_NOT_AVAILABLE) [nsICertOverrideService.setDisableAllSecurityChecksAndLetAttackersInterceptMyData]
1693972073869	geckodriver	INFO	Listening on 127.0.0.1:59655
1693972074896	mozrunner::runner	INFO	Running command: MOZ_CRASHREPORTER="1" MOZ_CRASHREPORTER_NO_REPORT="1" MOZ_CRASHREPORTER_SHUTDOWN="1" MOZ_NO_REMOTE="1" "/App ... e" "-headless" "-foreground" "-no-remote" "-profile" "/var/folders/3n/yqn87g896kg2zzfpydnwl9q00000gn/T/rust_mozprofile9zScIc"
*** You are running in headless mode.
console.warn: services.settings: Ignoring preference override of remote settings server
console.warn: services.settings: Allow by setting MOZ_REMOTE_SETTINGS_DEVTOOLS=1 in the environment
1693972075248	Marionette	INFO	Marionette enabled
1693972075476	Marionette	INFO	Listening on port 59662
Read port: 59662
1693972075657	RemoteAgent	WARN	TLS certificate errors will be ignored for this session
[GFX1-]: RenderCompositorSWGL failed mapping default framebuffer, no dt
console.warn: services.settings: Ignoring preference override of remote settings server
console.warn: services.settings: Allow by setting MOZ_REMOTE_SETTINGS_DEVTOOLS=1 in the environment
console.error: (new TypeError("lazy.AsyncShutdown.profileBeforeChange is undefined", "resource://services-settings/Database.sys.mjs", 593))
JavaScript warning: https://static.xx.fbcdn.net/rsrc.php/v3/yX/r/_RTr5rPmaFJ.js?_nc_x=Ij3Wp8lg5Kz, line 63: Script terminated by timeout at:
c.satisfyPersistentDependency@https://static.xx.fbcdn.net/rsrc.php/v3/yX/r/_RTr5rPmaFJ.js?_nc_x=Ij3Wp8lg5Kz:63:1266
b.$6@https://static.xx.fbcdn.net/rsrc.php/v3/yX/r/_RTr5rPmaFJ.js?_nc_x=Ij3Wp8lg5Kz:74:2066
a.$6@https://static.xx.fbcdn.net/rsrc.php/v3/yX/r/_RTr5rPmaFJ.js?_nc_x=Ij3Wp8lg5Kz:74:2984
b.inform@https://static.xx.fbcdn.net/rsrc.php/v3/yX/r/_RTr5rPmaFJ.js?_nc_x=Ij3Wp8lg5Kz:74:1670
a.inform@https://static.xx.fbcdn.net/rsrc.php/v3/yX/r/_RTr5rPmaFJ.js?_nc_x=Ij3Wp8lg5Kz:74:2666
j/window.onunload<@https://static.xx.fbcdn.net/rsrc.php/v3/yX/r/_RTr5rPmaFJ.js?_nc_x=Ij3Wp8lg5Kz:231:863
applyWithGuard@https://static.xx.fbcdn.net/rsrc.php/v3/yX/r/_RTr5rPmaFJ.js?_nc_x=Ij3Wp8lg5Kz:61:10432
d@https://static.xx.fbcdn.net/rsrc.php/v3/yX/r/_RTr5rPmaFJ.js?_nc_x=Ij3Wp8lg5Kz:321:2086

console.warn: services.settings: Ignoring preference override of remote settings server
console.warn: services.settings: Allow by setting MOZ_REMOTE_SETTINGS_DEVTOOLS=1 in the environment
console.error: (new TypeError("lazy.AsyncShutdown.profileBeforeChange is undefined", "resource://services-settings/Database.sys.mjs", 593))
1693972228288	Marionette	INFO	Stopped listening on port 59662
1693972244243	geckodriver	INFO	Listening on 127.0.0.1:59789
1693972245303	mozrunner::runner	INFO	Running command: MOZ_CRASHREPORTER="1" MOZ_CRASHREPORTER_NO_REPORT="1" MOZ_CRASHREPORTER_SHUTDOWN="1" MOZ_NO_REMOTE="1" "/App ... "--marionette" "-foreground" "-no-remote" "-profile" "/var/folders/3n/yqn87g896kg2zzfpydnwl9q00000gn/T/rust_mozprofilewnH94H"
console.warn: services.settings: Ignoring preference override of remote settings server
console.warn: services.settings: Allow by setting MOZ_REMOTE_SETTINGS_DEVTOOLS=1 in the environment
1693972245768	Marionette	INFO	Marionette enabled
1693972246025	Marionette	INFO	Listening on port 59796
Read port: 59796
1693972246158	RemoteAgent	WARN	TLS certificate errors will be ignored for this session
console.warn: services.settings: Ignoring preference override of remote settings server
console.warn: services.settings: Allow by setting MOZ_REMOTE_SETTINGS_DEVTOOLS=1 in the environment
console.error: (new TypeError("lazy.AsyncShutdown.profileBeforeChange is undefined", "resource://services-settings/Database.sys.mjs", 593))
console.warn: services.settings: Ignoring preference override of remote settings server
console.warn: services.settings: Allow by setting MOZ_REMOTE_SETTINGS_DEVTOOLS=1 in the environment
console.error: (new TypeError("lazy.AsyncShutdown.profileBeforeChange is undefined", "resource://services-settings/Database.sys.mjs", 593))
1693972759983	Marionette	INFO	Stopped listening on port 59796
JavaScript error: , line 0: NotFoundError: No such JSWindowActor 'DevToolsFrame'
JavaScript error: , line 0: NotFoundError: No such JSWindowActor 'DevToolsFrame'
JavaScript error: , line 0: NotFoundError: No such JSWindowActor 'DevToolsFrame'
JavaScript error: , line 0: NotFoundError: No such JSWindowActor 'DevToolsFrame'
JavaScript error: , line 0: NotFoundError: No such JSWindowActor 'DevToolsFrame'
JavaScript error: , line 0: NotFoundError: No such JSWindowActor 'DevToolsFrame'
JavaScript error: , line 0: NotFoundError: No such JSWindowActor 'DevToolsFrame'
JavaScript error: , line 0: NotFoundError: No such JSWindowActor 'DevToolsFrame'
JavaScript error: , line 0: NotFoundError: No such JSWindowActor 'DevToolsFrame'
JavaScript error: , line 0: NotFoundError: No such JSWindowActor 'DevToolsFrame'
JavaScript error: , line 0: NotFoundError: No such JSWindowActor 'DevToolsFrame'
JavaScript error: , line 0: NotFoundError: No such JSWindowActor 'DevToolsFrame'
1693972763477	Marionette	INFO	Stopped listening on port 59512
1693972814341	geckodriver	INFO	Listening on 127.0.0.1:60289
1693972815360	mozrunner::runner	INFO	Running command: MOZ_CRASHREPORTER="1" MOZ_CRASHREPORTER_NO_REPORT="1" MOZ_CRASHREPORTER_SHUTDOWN="1" MOZ_NO_REMOTE="1" "/App ... "--marionette" "-foreground" "-no-remote" "-profile" "/var/folders/3n/yqn87g896kg2zzfpydnwl9q00000gn/T/rust_mozprofile7xVQrZ"
console.warn: services.settings: Ignoring preference override of remote settings server
console.warn: services.settings: Allow by setting MOZ_REMOTE_SETTINGS_DEVTOOLS=1 in the environment
1693972815821	Marionette	INFO	Marionette enabled
1693972815996	Marionette	INFO	Listening on port 60305
Read port: 60305
1693972816196	RemoteAgent	WARN	TLS certificate errors will be ignored for this session
1693973266187	Marionette	INFO	Stopped listening on port 60305
JavaScript error: , line 0: NotFoundError: No such JSWindowActor 'DevToolsFrame'
1693973353340	geckodriver	INFO	Listening on 127.0.0.1:62505
1693973354394	mozrunner::runner	INFO	Running command: MOZ_CRASHREPORTER="1" MOZ_CRASHREPORTER_NO_REPORT="1" MOZ_CRASHREPORTER_SHUTDOWN="1" MOZ_NO_REMOTE="1" "/App ... "--marionette" "-foreground" "-no-remote" "-profile" "/var/folders/3n/yqn87g896kg2zzfpydnwl9q00000gn/T/rust_mozprofileoyvlfn"
console.warn: services.settings: Ignoring preference override of remote settings server
console.warn: services.settings: Allow by setting MOZ_REMOTE_SETTINGS_DEVTOOLS=1 in the environment
1693973354880	Marionette	INFO	Marionette enabled
1693973355137	Marionette	INFO	Listening on port 62520
Read port: 62520
1693973355332	RemoteAgent	WARN	TLS certificate errors will be ignored for this session
console.warn: services.settings: Ignoring preference override of remote settings server
console.warn: services.settings: Allow by setting MOZ_REMOTE_SETTINGS_DEVTOOLS=1 in the environment
console.error: (new TypeError("lazy.AsyncShutdown.profileBeforeChange is undefined", "resource://services-settings/Database.sys.mjs", 593))
1693973382671	Marionette	INFO	Stopped listening on port 62520
JavaScript warning: https://portal.rockgympro.com/portal/public/415a34a23151c6546419c1415d122b61/occupancy?&iframeid=occupancyCounter&fId=1474, line 191: Script terminated by timeout at:
@https://portal.rockgympro.com/portal/public/415a34a23151c6546419c1415d122b61/occupancy?&iframeid=occupancyCounter&fId=1474:191:13

JavaScript warning: https://static.xx.fbcdn.net/rsrc.php/v3iTJR4/yc/l/en_US/ZsaYNCjSWSX.js?_nc_x=Ij3Wp8lg5Kz, line 234: Script terminated by timeout at:
b.cookieUserUncached@https://static.xx.fbcdn.net/rsrc.php/v3iTJR4/yc/l/en_US/ZsaYNCjSWSX.js?_nc_x=Ij3Wp8lg5Kz:234:3038
b.subscribeLoggedInUserChanges/this.$8<@https://static.xx.fbcdn.net/rsrc.php/v3iTJR4/yc/l/en_US/ZsaYNCjSWSX.js?_nc_x=Ij3Wp8lg5Kz:234:1815

1693973403162	geckodriver	INFO	Listening on 127.0.0.1:62804
1693973404202	mozrunner::runner	INFO	Running command: MOZ_CRASHREPORTER="1" MOZ_CRASHREPORTER_NO_REPORT="1" MOZ_CRASHREPORTER_SHUTDOWN="1" MOZ_NO_REMOTE="1" "/App ... "--marionette" "-foreground" "-no-remote" "-profile" "/var/folders/3n/yqn87g896kg2zzfpydnwl9q00000gn/T/rust_mozprofilegEEFjg"
console.warn: services.settings: Ignoring preference override of remote settings server
console.warn: services.settings: Allow by setting MOZ_REMOTE_SETTINGS_DEVTOOLS=1 in the environment
1693973404670	Marionette	INFO	Marionette enabled
1693973404920	Marionette	INFO	Listening on port 62819
Read port: 62819
1693973405047	RemoteAgent	WARN	TLS certificate errors will be ignored for this session
console.warn: services.settings: Ignoring preference override of remote settings server
console.warn: services.settings: Allow by setting MOZ_REMOTE_SETTINGS_DEVTOOLS=1 in the environment
console.error: (new TypeError("lazy.AsyncShutdown.profileBeforeChange is undefined", "resource://services-settings/Database.sys.mjs", 593))
1693973431964	Marionette	INFO	Stopped listening on port 62819
JavaScript warning: https://portal.rockgympro.com/portal/public/415a34a23151c6546419c1415d122b61/occupancy?&iframeid=occupancyCounter&fId=1982, line 191: Script terminated by timeout at:
@https://portal.rockgympro.com/portal/public/415a34a23151c6546419c1415d122b61/occupancy?&iframeid=occupancyCounter&fId=1982:191:13

1693973451021	geckodriver	INFO	Listening on 127.0.0.1:63100
1693973452061	mozrunner::runner	INFO	Running command: MOZ_CRASHREPORTER="1" MOZ_CRASHREPORTER_NO_REPORT="1" MOZ_CRASHREPORTER_SHUTDOWN="1" MOZ_NO_REMOTE="1" "/App ... "--marionette" "-foreground" "-no-remote" "-profile" "/var/folders/3n/yqn87g896kg2zzfpydnwl9q00000gn/T/rust_mozprofilefG4kIH"
console.warn: services.settings: Ignoring preference override of remote settings server
console.warn: services.settings: Allow by setting MOZ_REMOTE_SETTINGS_DEVTOOLS=1 in the environment
1693973452528	Marionette	INFO	Marionette enabled
1693973452782	Marionette	INFO	Listening on port 63115
Read port: 63115
1693973452907	RemoteAgent	WARN	TLS certificate errors will be ignored for this session
console.warn: services.settings: Ignoring preference override of remote settings server
console.warn: services.settings: Allow by setting MOZ_REMOTE_SETTINGS_DEVTOOLS=1 in the environment
console.error: (new TypeError("lazy.AsyncShutdown.profileBeforeChange is undefined", "resource://services-settings/Database.sys.mjs", 593))
1693973475613	Marionette	INFO	Stopped listening on port 63115
JavaScript warning: https://portal.rockgympro.com/portal/public/415a34a23151c6546419c1415d122b61/occupancy?&iframeid=occupancyCounter&fId=1982, line 191: Script terminated by timeout at:
@https://portal.rockgympro.com/portal/public/415a34a23151c6546419c1415d122b61/occupancy?&iframeid=occupancyCounter&fId=1982:191:13

1693973485185	geckodriver	INFO	Listening on 127.0.0.1:63338
1693973486210	mozrunner::runner	INFO	Running command: MOZ_CRASHREPORTER="1" MOZ_CRASHREPORTER_NO_REPORT="1" MOZ_CRASHREPORTER_SHUTDOWN="1" MOZ_NO_REMOTE="1" "/App ... "--marionette" "-foreground" "-no-remote" "-profile" "/var/folders/3n/yqn87g896kg2zzfpydnwl9q00000gn/T/rust_mozprofiles1HIwc"
console.warn: services.settings: Ignoring preference override of remote settings server
console.warn: services.settings: Allow by setting MOZ_REMOTE_SETTINGS_DEVTOOLS=1 in the environment
1693973486656	Marionette	INFO	Marionette enabled
1693973486916	Marionette	INFO	Listening on port 63349
Read port: 63349
1693973487057	RemoteAgent	WARN	TLS certificate errors will be ignored for this session
console.warn: services.settings: Ignoring preference override of remote settings server
console.warn: services.settings: Allow by setting MOZ_REMOTE_SETTINGS_DEVTOOLS=1 in the environment
console.error: (new TypeError("lazy.AsyncShutdown.profileBeforeChange is undefined", "resource://services-settings/Database.sys.mjs", 593))
1693973499704	Marionette	INFO	Stopped listening on port 63349
JavaScript warning: https://code.jquery.com/jquery-1.12.4.min.js, line 2: Script terminated by timeout at:
n.fn.init@https://code.jquery.com/jquery-1.12.4.min.js:2:24629
n@https://code.jquery.com/jquery-1.12.4.min.js:2:406
getIframeHeight@https://portal.rockgympro.com/portal/public/415a34a23151c6546419c1415d122b61/occupancy?&iframeid=occupancyCounter&fId=1474:197:16
broadcastIFrameMainBoxHeightResize@https://portal.rockgympro.com/portal/public/415a34a23151c6546419c1415d122b61/occupancy?&iframeid=occupancyCounter&fId=1474:206:23
@https://portal.rockgympro.com/portal/public/415a34a23151c6546419c1415d122b61/occupancy?&iframeid=occupancyCounter&fId=1474:191:13

1693973505729	geckodriver	INFO	Listening on 127.0.0.1:63521
1693973506766	mozrunner::runner	INFO	Running command: MOZ_CRASHREPORTER="1" MOZ_CRASHREPORTER_NO_REPORT="1" MOZ_CRASHREPORTER_SHUTDOWN="1" MOZ_NO_REMOTE="1" "/App ... "--marionette" "-foreground" "-no-remote" "-profile" "/var/folders/3n/yqn87g896kg2zzfpydnwl9q00000gn/T/rust_mozprofilefLRy6r"
console.warn: services.settings: Ignoring preference override of remote settings server
console.warn: services.settings: Allow by setting MOZ_REMOTE_SETTINGS_DEVTOOLS=1 in the environment
1693973507235	Marionette	INFO	Marionette enabled
1693973507490	Marionette	INFO	Listening on port 63536
Read port: 63536
1693973507613	RemoteAgent	WARN	TLS certificate errors will be ignored for this session
console.warn: services.settings: Ignoring preference override of remote settings server
console.warn: services.settings: Allow by setting MOZ_REMOTE_SETTINGS_DEVTOOLS=1 in the environment
console.error: (new TypeError("lazy.AsyncShutdown.profileBeforeChange is undefined", "resource://services-settings/Database.sys.mjs", 593))
1693973523975	Marionette	INFO	Stopped listening on port 63536
JavaScript warning: https://portal.rockgympro.com/portal/public/415a34a23151c6546419c1415d122b61/occupancy?&iframeid=occupancyCounter&fId=1038, line 191: Script terminated by timeout at:
@https://portal.rockgympro.com/portal/public/415a34a23151c6546419c1415d122b61/occupancy?&iframeid=occupancyCounter&fId=1038:191:13

1693973527477	geckodriver	INFO	Listening on 127.0.0.1:63709
1693973528506	mozrunner::runner	INFO	Running command: MOZ_CRASHREPORTER="1" MOZ_CRASHREPORTER_NO_REPORT="1" MOZ_CRASHREPORTER_SHUTDOWN="1" MOZ_NO_REMOTE="1" "/App ... "--marionette" "-foreground" "-no-remote" "-profile" "/var/folders/3n/yqn87g896kg2zzfpydnwl9q00000gn/T/rust_mozprofiletFQd3K"
console.warn: services.settings: Ignoring preference override of remote settings server
console.warn: services.settings: Allow by setting MOZ_REMOTE_SETTINGS_DEVTOOLS=1 in the environment
1693973528964	Marionette	INFO	Marionette enabled
1693973529222	Marionette	INFO	Listening on port 63724
Read port: 63724
1693973529353	RemoteAgent	WARN	TLS certificate errors will be ignored for this session
console.warn: services.settings: Ignoring preference override of remote settings server
console.warn: services.settings: Allow by setting MOZ_REMOTE_SETTINGS_DEVTOOLS=1 in the environment
console.error: (new TypeError("lazy.AsyncShutdown.profileBeforeChange is undefined", "resource://services-settings/Database.sys.mjs", 593))
1693973645118	Marionette	INFO	Stopped listening on port 63724
JavaScript warning: https://portal.rockgympro.com/portal/public/415a34a23151c6546419c1415d122b61/occupancy?&iframeid=occupancyCounter&fId=1769, line 191: Script terminated by timeout at:
@https://portal.rockgympro.com/portal/public/415a34a23151c6546419c1415d122b61/occupancy?&iframeid=occupancyCounter&fId=1769:191:13

1693973681918	geckodriver	INFO	Listening on 127.0.0.1:64463
1693973682960	mozrunner::runner	INFO	Running command: MOZ_CRASHREPORTER="1" MOZ_CRASHREPORTER_NO_REPORT="1" MOZ_CRASHREPORTER_SHUTDOWN="1" MOZ_NO_REMOTE="1" "/App ... "--marionette" "-foreground" "-no-remote" "-profile" "/var/folders/3n/yqn87g896kg2zzfpydnwl9q00000gn/T/rust_mozprofile93iMIv"
console.warn: services.settings: Ignoring preference override of remote settings server
console.warn: services.settings: Allow by setting MOZ_REMOTE_SETTINGS_DEVTOOLS=1 in the environment
1693973683432	Marionette	INFO	Marionette enabled
1693973683688	Marionette	INFO	Listening on port 64474
Read port: 64474
1693973683812	RemoteAgent	WARN	TLS certificate errors will be ignored for this session
1693973690885	Marionette	INFO	Stopped listening on port 64474
JavaScript warning: https://portal.rockgympro.com/portal/public/415a34a23151c6546419c1415d122b61/occupancy?&iframeid=occupancyCounter&fId=1038, line 205: Script terminated by timeout at:
broadcastIFrameMainBoxHeightResize@https://portal.rockgympro.com/portal/public/415a34a23151c6546419c1415d122b61/occupancy?&iframeid=occupancyCounter&fId=1038:205:1
@https://portal.rockgympro.com/portal/public/415a34a23151c6546419c1415d122b61/occupancy?&iframeid=occupancyCounter&fId=1038:191:13

1693973816159	geckodriver	INFO	Listening on 127.0.0.1:65039
1693973817191	mozrunner::runner	INFO	Running command: MOZ_CRASHREPORTER="1" MOZ_CRASHREPORTER_NO_REPORT="1" MOZ_CRASHREPORTER_SHUTDOWN="1" MOZ_NO_REMOTE="1" "/App ... e" "-headless" "-foreground" "-no-remote" "-profile" "/var/folders/3n/yqn87g896kg2zzfpydnwl9q00000gn/T/rust_mozprofilegRQLc6"
*** You are running in headless mode.
console.warn: services.settings: Ignoring preference override of remote settings server
console.warn: services.settings: Allow by setting MOZ_REMOTE_SETTINGS_DEVTOOLS=1 in the environment
1693973817532	Marionette	INFO	Marionette enabled
1693973817748	Marionette	INFO	Listening on port 65054
Read port: 65054
1693973817920	RemoteAgent	WARN	TLS certificate errors will be ignored for this session
[GFX1-]: RenderCompositorSWGL failed mapping default framebuffer, no dt
1693973824907	Marionette	INFO	Stopped listening on port 65054
1693974008223	geckodriver	INFO	Listening on 127.0.0.1:49472
1693974008250	mozrunner::runner	INFO	Running command: MOZ_CRASHREPORTER="1" MOZ_CRASHREPORTER_NO_REPORT="1" MOZ_CRASHREPORTER_SHUTDOWN="1" MOZ_NO_REMOTE="1" "/App ... e" "-headless" "-foreground" "-no-remote" "-profile" "/var/folders/3n/yqn87g896kg2zzfpydnwl9q00000gn/T/rust_mozprofileMD0xeI"
*** You are running in headless mode.
console.warn: services.settings: Ignoring preference override of remote settings server
console.warn: services.settings: Allow by setting MOZ_REMOTE_SETTINGS_DEVTOOLS=1 in the environment
1693974008607	Marionette	INFO	Marionette enabled
1693974008832	Marionette	INFO	Listening on port 49481
Read port: 49481
1693974009005	RemoteAgent	WARN	TLS certificate errors will be ignored for this session
[GFX1-]: RenderCompositorSWGL failed mapping default framebuffer, no dt
1693974015973	Marionette	INFO	Stopped listening on port 49481
1693974060978	geckodriver	INFO	Listening on 127.0.0.1:49725
1693974061004	mozrunner::runner	INFO	Running command: MOZ_CRASHREPORTER="1" MOZ_CRASHREPORTER_NO_REPORT="1" MOZ_CRASHREPORTER_SHUTDOWN="1" MOZ_NO_REMOTE="1" "/App ... e" "-headless" "-foreground" "-no-remote" "-profile" "/var/folders/3n/yqn87g896kg2zzfpydnwl9q00000gn/T/rust_mozprofileFhcXB9"
*** You are running in headless mode.
console.warn: services.settings: Ignoring preference override of remote settings server
console.warn: services.settings: Allow by setting MOZ_REMOTE_SETTINGS_DEVTOOLS=1 in the environment
1693974061314	Marionette	INFO	Marionette enabled
1693974061530	Marionette	INFO	Listening on port 49734
Read port: 49734
1693974061696	RemoteAgent	WARN	TLS certificate errors will be ignored for this session
[GFX1-]: RenderCompositorSWGL failed mapping default framebuffer, no dt
1693974068926	Marionette	INFO	Stopped listening on port 49734
1693974074679	geckodriver	INFO	Listening on 127.0.0.1:49825
1693974074703	mozrunner::runner	INFO	Running command: MOZ_CRASHREPORTER="1" MOZ_CRASHREPORTER_NO_REPORT="1" MOZ_CRASHREPORTER_SHUTDOWN="1" MOZ_NO_REMOTE="1" "/App ... e" "-headless" "-foreground" "-no-remote" "-profile" "/var/folders/3n/yqn87g896kg2zzfpydnwl9q00000gn/T/rust_mozprofileMQPFT1"
*** You are running in headless mode.
console.warn: services.settings: Ignoring preference override of remote settings server
console.warn: services.settings: Allow by setting MOZ_REMOTE_SETTINGS_DEVTOOLS=1 in the environment
1693974075035	Marionette	INFO	Marionette enabled
1693974075247	Marionette	INFO	Listening on port 49830
Read port: 49830
1693974075442	RemoteAgent	WARN	TLS certificate errors will be ignored for this session
[GFX1-]: RenderCompositorSWGL failed mapping default framebuffer, no dt
1693974082063	Marionette	INFO	Stopped listening on port 49830
JavaScript warning: https://portal.rockgympro.com/portal/public/415a34a23151c6546419c1415d122b61/occupancy?&iframeid=occupancyCounter&fId=1038, line 205: Script terminated by timeout at:
broadcastIFrameMainBoxHeightResize@https://portal.rockgympro.com/portal/public/415a34a23151c6546419c1415d122b61/occupancy?&iframeid=occupancyCounter&fId=1038:205:1
@https://portal.rockgympro.com/portal/public/415a34a23151c6546419c1415d122b61/occupancy?&iframeid=occupancyCounter&fId=1038:191:13

1693974148728	geckodriver	INFO	Listening on 127.0.0.1:50159
1693974148753	mozrunner::runner	INFO	Running command: MOZ_CRASHREPORTER="1" MOZ_CRASHREPORTER_NO_REPORT="1" MOZ_CRASHREPORTER_SHUTDOWN="1" MOZ_NO_REMOTE="1" "/App ... e" "-headless" "-foreground" "-no-remote" "-profile" "/var/folders/3n/yqn87g896kg2zzfpydnwl9q00000gn/T/rust_mozprofileVoeW2q"
*** You are running in headless mode.
console.warn: services.settings: Ignoring preference override of remote settings server
console.warn: services.settings: Allow by setting MOZ_REMOTE_SETTINGS_DEVTOOLS=1 in the environment
1693974149071	Marionette	INFO	Marionette enabled
1693974149284	Marionette	INFO	Listening on port 50168
Read port: 50168
1693974149454	RemoteAgent	WARN	TLS certificate errors will be ignored for this session
[GFX1-]: RenderCompositorSWGL failed mapping default framebuffer, no dt
1693974156805	Marionette	INFO	Stopped listening on port 50168
JavaScript warning: https://code.jquery.com/jquery-1.12.4.min.js, line 3: Script terminated by timeout at:
pixelMarginRight@https://code.jquery.com/jquery-1.12.4.min.js:3:25927
Sa@https://code.jquery.com/jquery-1.12.4.min.js:3:27592
css@https://code.jquery.com/jquery-1.12.4.min.js:3:30895
fb@https://code.jquery.com/jquery-1.12.4.min.js:3:29627
get/<@https://code.jquery.com/jquery-1.12.4.min.js:3:31156
Pa@https://code.jquery.com/jquery-1.12.4.min.js:3:25114
get@https://code.jquery.com/jquery-1.12.4.min.js:3:31130
css@https://code.jquery.com/jquery-1.12.4.min.js:3:30867
n.fn[d]/<@https://code.jquery.com/jquery-1.12.4.min.js:5:404
Y@https://code.jquery.com/jquery-1.12.4.min.js:3:4661
n.fn[d]@https://code.jquery.com/jquery-1.12.4.min.js:5:175
getIframeHeight@https://portal.rockgympro.com/portal/public/415a34a23151c6546419c1415d122b61/occupancy?&iframeid=occupancyCounter&fId=1038:197:96
broadcastIFrameMainBoxHeightResize@https://portal.rockgympro.com/portal/public/415a34a23151c6546419c1415d122b61/occupancy?&iframeid=occupancyCounter&fId=1038:206:23
@https://portal.rockgympro.com/portal/public/415a34a23151c6546419c1415d122b61/occupancy?&iframeid=occupancyCounter&fId=1038:191:13

1693974236110	geckodriver	INFO	Listening on 127.0.0.1:50559
1693974237139	mozrunner::runner	INFO	Running command: MOZ_CRASHREPORTER="1" MOZ_CRASHREPORTER_NO_REPORT="1" MOZ_CRASHREPORTER_SHUTDOWN="1" MOZ_NO_REMOTE="1" "/App ... "--marionette" "-foreground" "-no-remote" "-profile" "/var/folders/3n/yqn87g896kg2zzfpydnwl9q00000gn/T/rust_mozprofile2wgWOA"
console.warn: services.settings: Ignoring preference override of remote settings server
console.warn: services.settings: Allow by setting MOZ_REMOTE_SETTINGS_DEVTOOLS=1 in the environment
1693974237599	Marionette	INFO	Marionette enabled
1693974237850	Marionette	INFO	Listening on port 50574
Read port: 50574
1693974238011	RemoteAgent	WARN	TLS certificate errors will be ignored for this session
1693974571290	geckodriver	INFO	Listening on 127.0.0.1:51960
1693974571312	mozrunner::runner	INFO	Running command: MOZ_CRASHREPORTER="1" MOZ_CRASHREPORTER_NO_REPORT="1" MOZ_CRASHREPORTER_SHUTDOWN="1" MOZ_NO_REMOTE="1" "/App ... e" "-headless" "-foreground" "-no-remote" "-profile" "/var/folders/3n/yqn87g896kg2zzfpydnwl9q00000gn/T/rust_mozprofileCpnelJ"
*** You are running in headless mode.
console.warn: services.settings: Ignoring preference override of remote settings server
console.warn: services.settings: Allow by setting MOZ_REMOTE_SETTINGS_DEVTOOLS=1 in the environment
1693974571655	Marionette	INFO	Marionette enabled
1693974571876	Marionette	INFO	Listening on port 51965
Read port: 51965
1693974572046	RemoteAgent	WARN	TLS certificate errors will be ignored for this session
[GFX1-]: RenderCompositorSWGL failed mapping default framebuffer, no dt
1693974573830	Marionette	INFO	Stopped listening on port 51965
JavaScript error: resource://services-settings/Utils.sys.mjs, line 229: TypeError: NetworkError: Network request failed
